0 info it worked if it ends with ok
1 verbose cli [ 'node',
1 verbose cli   '/usr/local/bin/npm',
1 verbose cli   'version',
1 verbose cli   'patch',
1 verbose cli   '-m',
1 verbose cli   'Upgrade to %s for reasons' ]
2 info using npm@2.7.5
3 info using node@v0.12.2
4 verbose node symlink /usr/local/bin/node
5 info git [ 'status', '--porcelain' ]
6 verbose stack Error: Git working directory not clean.
6 verbose stack M .gitignore
6 verbose stack M config.json
6 verbose stack MM diaries
6 verbose stack M index.js
6 verbose stack M  lib/changepassword.js
6 verbose stack MD lib/cli.js
6 verbose stack M  lib/config.js
6 verbose stack M  lib/convertdate.js
6 verbose stack M  lib/default.js
6 verbose stack M  lib/encryption.js
6 verbose stack M  lib/forgotpw.js
6 verbose stack M  lib/main.js
6 verbose stack M  lib/sendmail.js
6 verbose stack M  lib/setup.js
6 verbose stack MM lib/unlock.js
6 verbose stack M  lib/writecolor.js
6 verbose stack MM package.json
6 verbose stack M utils/Inquirer.js
6 verbose stack     at /usr/local/lib/node_modules/npm/lib/version.js:138:37
6 verbose stack     at /usr/local/lib/node_modules/npm/lib/utils/git.js:26:8
6 verbose stack     at ChildProcess.exithandler (child_process.js:742:7)
6 verbose stack     at ChildProcess.emit (events.js:110:17)
6 verbose stack     at maybeClose (child_process.js:1015:16)
6 verbose stack     at Socket.<anonymous> (child_process.js:1183:11)
6 verbose stack     at Socket.emit (events.js:107:17)
6 verbose stack     at Pipe.close (net.js:485:12)
7 verbose cwd /Users/mwhite/Desktop/dear-diary
8 error Darwin 14.0.0
9 error argv "node" "/usr/local/bin/npm" "version" "patch" "-m" "Upgrade to %s for reasons"
10 error node v0.12.2
11 error npm  v2.7.5
12 error Git working directory not clean.
12 error M .gitignore
12 error M config.json
12 error MM diaries
12 error M index.js
12 error M  lib/changepassword.js
12 error MD lib/cli.js
12 error M  lib/config.js
12 error M  lib/convertdate.js
12 error M  lib/default.js
12 error M  lib/encryption.js
12 error M  lib/forgotpw.js
12 error M  lib/main.js
12 error M  lib/sendmail.js
12 error M  lib/setup.js
12 error MM lib/unlock.js
12 error M  lib/writecolor.js
12 error MM package.json
12 error M utils/Inquirer.js
13 error If you need help, you may report this error at:
13 error     <https://github.com/npm/npm/issues>
14 verbose exit [ 1, true ]
